INFO: [2025-10-04 20:09:30,809] GET /data HTTP/1.1 200 [Successful request]
WARNING: [2025-10-04 20:10:10,395] Possible issue encountered when converting Shape #2 to GeoJSON: Shapefile format requires that polygons contain at least one exterior ring, but the Shape was entirely made up of interior holes (defined by counter-clockwise orientation in the shapefile format). The rings were still included but were encoded as GeoJSON exterior rings instead of holes.
WARNING: [2025-10-04 20:10:10,395] Possible issue encountered when converting Shape #2 to GeoJSON: Shapefile format requires that polygons contain at least one exterior ring, but the Shape was entirely made up of interior holes (defined by counter-clockwise orientation in the shapefile format). The rings were still included but were encoded as GeoJSON exterior rings instead of holes.
WARNING: [2025-10-04 20:10:10,398] Possible issue encountered when converting Shape #2 to GeoJSON: Shapefile format requires that polygons contain at least one exterior ring, but the Shape was entirely made up of interior holes (defined by counter-clockwise orientation in the shapefile format). The rings were still included but were encoded as GeoJSON exterior rings instead of holes.
WARNING: [2025-10-04 20:10:10,398] Possible issue encountered when converting Shape #2 to GeoJSON: Shapefile format requires that polygons contain at least one exterior ring, but the Shape was entirely made up of interior holes (defined by counter-clockwise orientation in the shapefile format). The rings were still included but were encoded as GeoJSON exterior rings instead of holes.
INFO: [2025-10-04 20:10:11,444] GET /images/tormentas HTTP/1.1 200 [Successful request]
INFO: [2025-10-04 20:11:31,291] GET /images/EP162025 HTTP/1.1 200 [Successful request]
INFO: [2025-10-04 20:12:05,664] GET /dynamic/EP162025 HTTP/1.1 200 [Successful request]
INFO: [2025-10-04 20:12:20,232] GET /dynamic/EP1620 HTTP/1.1 200 [No existe tormenta con el nombre EP1620]
INFO: [2025-10-04 22:13:39,352] GET /data HTTP/1.1 200 [Successful request]
INFO: [2025-10-04 22:14:03,537] GET /data HTTP/1.1 200 [Successful request]
INFO: [2025-10-04 22:14:26,179] GET /images/AL082025 HTTP/1.1 200 [No existe tormenta con el nombre AL082025]
INFO: [2025-10-04 22:14:48,234] GET /images/EP152025 HTTP/1.1 200 [Successful request]
INFO: [2025-10-04 22:16:08,470] GET /images/EP162025 HTTP/1.1 200 [Successful request]
INFO: [2025-10-04 22:16:14,001] GET /images/EP152025 HTTP/1.1 200 [Successful request]
INFO: [2025-10-04 22:16:56,776] GET /dynamic/EP152025 HTTP/1.1 200 [Successful request]
INFO: [2025-10-04 22:51:24,567] GET /data/EP152025 HTTP/1.1 200 [Successful request]
ERROR: [2025-10-05 00:54:39,346] GET /dynamic/EP152025 HTTP/1.1 404 [cannot access local variable 'data_storm' where it is not associated with a value]
ERROR: [2025-10-05 00:55:17,816] GET /dynamic/EP152025 HTTP/1.1 404 ['time']
ERROR: [2025-10-05 00:57:50,092] GET /dynamic/EP152025 HTTP/1.1 404 ['time']
ERROR: [2025-10-05 00:58:20,500] GET /dynamic/EP152025 HTTP/1.1 404 ['time']
ERROR: [2025-10-05 01:01:18,005] GET /dynamic/EP152025 HTTP/1.1 404 ['name']
ERROR: [2025-10-05 01:01:48,624] GET /dynamic/EP152025 HTTP/1.1 404 ['name']
ERROR: [2025-10-05 01:04:10,440] GET /dynamic/EP152025 HTTP/1.1 404 ['name']
INFO: [2025-10-05 01:05:08,575] GET /dynamic/EP152025 HTTP/1.1 200 [Successful request]
INFO: [2025-10-05 01:06:08,457] GET /dynamic/EP152025 HTTP/1.1 200 [Successful request]
INFO: [2025-10-05 01:06:10,459] GET /dynamic/EP152025 HTTP/1.1 200 [Successful request]
INFO: [2025-10-05 01:07:07,989] GET /dynamic/EP152025 HTTP/1.1 200 [Successful request]
INFO: [2025-10-05 01:09:45,417] GET /dynamic/EP152025 HTTP/1.1 200 [Successful request]
INFO: [2025-10-05 01:11:35,600] GET /dynamic/EP152025 HTTP/1.1 200 [Successful request]
INFO: [2025-10-05 01:11:54,413] GET /dynamic/EP152025 HTTP/1.1 200 [Successful request]
INFO: [2025-10-05 01:12:35,752] GET /dynamic/EP152025 HTTP/1.1 200 [Successful request]
INFO: [2025-10-05 14:58:35,322] GET /data HTTP/1.1 200 [Successful request]
INFO: [2025-10-05 14:59:23,150] GET /data HTTP/1.1 200 [Successful request]
INFO: [2025-10-05 15:00:38,014] GET /data HTTP/1.1 200 [Successful request]
INFO: [2025-10-05 15:00:38,048] GET /data/tormentas HTTP/1.1 200 [No existe tormenta con el nombre tormentas]
INFO: [2025-10-05 15:00:49,662] GET /data/AL952025 HTTP/1.1 200 [Successful request]
ERROR: [2025-10-05 15:01:00,981] GET /images/AL952025 HTTP/1.1 404 [Error: NHC does not issue advisories for invests that have not been designated as Potential Tropical Cyclones.]
ERROR: [2025-10-05 15:01:12,502] GET /dynamic/AL952025 HTTP/1.1 404 [Error: NHC does not issue advisories for invests that have not been designated as Potential Tropical Cyclones.]
INFO: [2025-10-05 15:01:12,561] GET /data/tormentas HTTP/1.1 200 [No existe tormenta con el nombre tormentas]
INFO: [2025-10-05 15:01:23,901] GET /data/EP152025 HTTP/1.1 200 [Successful request]
INFO: [2025-10-05 15:01:36,778] GET /images/EP152025 HTTP/1.1 200 [Successful request]
INFO: [2025-10-05 15:03:40,354] GET /data HTTP/1.1 200 [Successful request]
WARNING: [2025-10-05 15:03:53,491] Possible issue encountered when converting Shape #2 to GeoJSON: Shapefile format requires that polygons contain at least one exterior ring, but the Shape was entirely made up of interior holes (defined by counter-clockwise orientation in the shapefile format). The rings were still included but were encoded as GeoJSON exterior rings instead of holes.
WARNING: [2025-10-05 15:03:53,491] Possible issue encountered when converting Shape #2 to GeoJSON: Shapefile format requires that polygons contain at least one exterior ring, but the Shape was entirely made up of interior holes (defined by counter-clockwise orientation in the shapefile format). The rings were still included but were encoded as GeoJSON exterior rings instead of holes.
WARNING: [2025-10-05 15:03:53,494] Possible issue encountered when converting Shape #2 to GeoJSON: Shapefile format requires that polygons contain at least one exterior ring, but the Shape was entirely made up of interior holes (defined by counter-clockwise orientation in the shapefile format). The rings were still included but were encoded as GeoJSON exterior rings instead of holes.
WARNING: [2025-10-05 15:03:53,494] Possible issue encountered when converting Shape #2 to GeoJSON: Shapefile format requires that polygons contain at least one exterior ring, but the Shape was entirely made up of interior holes (defined by counter-clockwise orientation in the shapefile format). The rings were still included but were encoded as GeoJSON exterior rings instead of holes.
INFO: [2025-10-05 15:03:54,457] GET /images/tormentas HTTP/1.1 200 [Successful request]
INFO: [2025-10-05 15:03:54,547] GET /data/AL952025 HTTP/1.1 200 [Successful request]
ERROR: [2025-10-05 15:04:05,922] GET /images/AL952025 HTTP/1.1 404 [Error: NHC does not issue advisories for invests that have not been designated as Potential Tropical Cyclones.]
ERROR: [2025-10-05 15:04:17,562] GET /dynamic/AL952025 HTTP/1.1 404 [Error: NHC does not issue advisories for invests that have not been designated as Potential Tropical Cyclones.]
INFO: [2025-10-05 15:04:17,701] GET /images HTTP/1.1 200 [Successful request]
INFO: [2025-10-05 15:04:17,732] GET /data/EP152025 HTTP/1.1 200 [Successful request]
INFO: [2025-10-05 15:04:17,762] GET /images/EP152025 HTTP/1.1 200 [Successful request]
INFO: [2025-10-05 15:04:29,403] GET /dynamic/EP152025 HTTP/1.1 200 [Successful request]
INFO: [2025-10-05 15:04:29,471] GET /images HTTP/1.1 200 [Successful request]
INFO: [2025-10-05 15:04:40,743] GET /data/EP162025 HTTP/1.1 200 [Successful request]
INFO: [2025-10-05 15:04:53,568] GET /images/EP162025 HTTP/1.1 200 [Successful request]
INFO: [2025-10-05 15:05:05,195] GET /dynamic/EP162025 HTTP/1.1 200 [Successful request]
INFO: [2025-10-05 18:05:17,423] GET /data HTTP/1.1 200 [Successful request]
WARNING: [2025-10-05 18:05:31,560] Possible issue encountered when converting Shape #1 to GeoJSON: Shapefile format requires that polygons contain at least one exterior ring, but the Shape was entirely made up of interior holes (defined by counter-clockwise orientation in the shapefile format). The rings were still included but were encoded as GeoJSON exterior rings instead of holes.
WARNING: [2025-10-05 18:05:31,561] Possible issue encountered when converting Shape #1 to GeoJSON: Shapefile format requires that polygons contain at least one exterior ring, but the Shape was entirely made up of interior holes (defined by counter-clockwise orientation in the shapefile format). The rings were still included but were encoded as GeoJSON exterior rings instead of holes.
WARNING: [2025-10-05 18:05:31,563] Possible issue encountered when converting Shape #1 to GeoJSON: Shapefile format requires that polygons contain at least one exterior ring, but the Shape was entirely made up of interior holes (defined by counter-clockwise orientation in the shapefile format). The rings were still included but were encoded as GeoJSON exterior rings instead of holes.
WARNING: [2025-10-05 18:05:31,563] Possible issue encountered when converting Shape #1 to GeoJSON: Shapefile format requires that polygons contain at least one exterior ring, but the Shape was entirely made up of interior holes (defined by counter-clockwise orientation in the shapefile format). The rings were still included but were encoded as GeoJSON exterior rings instead of holes.
INFO: [2025-10-05 18:05:32,260] GET /images/tormentas HTTP/1.1 200 [Successful request]
INFO: [2025-10-05 18:05:43,745] GET /data/AL952025 HTTP/1.1 200 [Successful request]
ERROR: [2025-10-05 18:05:56,121] GET /images/AL952025 HTTP/1.1 404 [Error: NHC does not issue advisories for invests that have not been designated as Potential Tropical Cyclones.]
ERROR: [2025-10-05 18:06:08,338] GET /dynamic/AL952025 HTTP/1.1 404 [Error: NHC does not issue advisories for invests that have not been designated as Potential Tropical Cyclones.]
WARNING: [2025-10-05 18:06:20,837] Possible issue encountered when converting Shape #1 to GeoJSON: Shapefile format requires that polygons contain at least one exterior ring, but the Shape was entirely made up of interior holes (defined by counter-clockwise orientation in the shapefile format). The rings were still included but were encoded as GeoJSON exterior rings instead of holes.
WARNING: [2025-10-05 18:06:20,837] Possible issue encountered when converting Shape #1 to GeoJSON: Shapefile format requires that polygons contain at least one exterior ring, but the Shape was entirely made up of interior holes (defined by counter-clockwise orientation in the shapefile format). The rings were still included but were encoded as GeoJSON exterior rings instead of holes.
WARNING: [2025-10-05 18:06:20,839] Possible issue encountered when converting Shape #1 to GeoJSON: Shapefile format requires that polygons contain at least one exterior ring, but the Shape was entirely made up of interior holes (defined by counter-clockwise orientation in the shapefile format). The rings were still included but were encoded as GeoJSON exterior rings instead of holes.
WARNING: [2025-10-05 18:06:20,839] Possible issue encountered when converting Shape #1 to GeoJSON: Shapefile format requires that polygons contain at least one exterior ring, but the Shape was entirely made up of interior holes (defined by counter-clockwise orientation in the shapefile format). The rings were still included but were encoded as GeoJSON exterior rings instead of holes.
INFO: [2025-10-05 18:06:21,530] GET /images/tormentas HTTP/1.1 200 [Successful request]
ERROR: [2025-10-05 18:06:33,057] GET /data/EP152025 HTTP/1.1 404 [cannot access local variable 'data_storm' where it is not associated with a value]
INFO: [2025-10-05 18:06:45,375] GET /images/EP152025 HTTP/1.1 200 [Successful request]
INFO: [2025-10-05 18:06:57,189] GET /dynamic/EP152025 HTTP/1.1 200 [Successful request]
INFO: [2025-10-05 18:06:57,312] GET /images HTTP/1.1 200 [Successful request]
INFO: [2025-10-05 18:07:08,615] GET /data/EP162025 HTTP/1.1 200 [Successful request]
INFO: [2025-10-05 18:07:21,229] GET /images/EP162025 HTTP/1.1 200 [Successful request]
INFO: [2025-10-05 18:07:33,161] GET /dynamic/EP162025 HTTP/1.1 200 [Successful request]
INFO: [2025-10-05 21:07:46,101] GET /data HTTP/1.1 200 [Successful request]
WARNING: [2025-10-05 21:07:58,753] Possible issue encountered when converting Shape #1 to GeoJSON: Shapefile format requires that polygons contain at least one exterior ring, but the Shape was entirely made up of interior holes (defined by counter-clockwise orientation in the shapefile format). The rings were still included but were encoded as GeoJSON exterior rings instead of holes.
WARNING: [2025-10-05 21:07:58,753] Possible issue encountered when converting Shape #1 to GeoJSON: Shapefile format requires that polygons contain at least one exterior ring, but the Shape was entirely made up of interior holes (defined by counter-clockwise orientation in the shapefile format). The rings were still included but were encoded as GeoJSON exterior rings instead of holes.
WARNING: [2025-10-05 21:07:58,755] Possible issue encountered when converting Shape #1 to GeoJSON: Shapefile format requires that polygons contain at least one exterior ring, but the Shape was entirely made up of interior holes (defined by counter-clockwise orientation in the shapefile format). The rings were still included but were encoded as GeoJSON exterior rings instead of holes.
WARNING: [2025-10-05 21:07:58,756] Possible issue encountered when converting Shape #1 to GeoJSON: Shapefile format requires that polygons contain at least one exterior ring, but the Shape was entirely made up of interior holes (defined by counter-clockwise orientation in the shapefile format). The rings were still included but were encoded as GeoJSON exterior rings instead of holes.
INFO: [2025-10-05 21:07:59,463] GET /images/tormentas HTTP/1.1 200 [Successful request]
INFO: [2025-10-05 21:08:11,821] GET /data/AL952025 HTTP/1.1 200 [Successful request]
ERROR: [2025-10-05 21:08:23,319] GET /images/AL952025 HTTP/1.1 404 [Error: NHC does not issue advisories for invests that have not been designated as Potential Tropical Cyclones.]
ERROR: [2025-10-05 21:08:35,948] GET /dynamic/AL952025 HTTP/1.1 404 [Error: NHC does not issue advisories for invests that have not been designated as Potential Tropical Cyclones.]
INFO: [2025-10-05 21:08:35,991] GET /images HTTP/1.1 200 [Successful request]
INFO: [2025-10-05 21:08:48,161] GET /data/EP152025 HTTP/1.1 200 [Successful request]
INFO: [2025-10-05 21:09:00,468] GET /images/EP152025 HTTP/1.1 200 [Successful request]
INFO: [2025-10-05 21:09:12,342] GET /dynamic/EP152025 HTTP/1.1 200 [Successful request]
INFO: [2025-10-05 21:09:12,440] GET /images HTTP/1.1 200 [Successful request]
INFO: [2025-10-05 21:09:24,681] GET /data/EP162025 HTTP/1.1 200 [Successful request]
INFO: [2025-10-05 21:09:37,045] GET /images/EP162025 HTTP/1.1 200 [Successful request]
INFO: [2025-10-05 21:09:51,042] GET /dynamic/EP162025 HTTP/1.1 200 [Successful request]
INFO: [2025-10-05 21:30:55,161] GET /data HTTP/1.1 200 [Successful request]
INFO: [2025-10-05 21:40:00,711] GET /data HTTP/1.1 200 [Successful request]
INFO: [2025-10-05 21:40:29,535] GET /dynamic/EP162025 HTTP/1.1 200 [Successful request]
ERROR: [2025-10-05 21:54:01,331] GET /dynamic/EP162025 HTTP/1.1 404 [[Errno 2] No such file or directory: 'src\\Icon_Storm.jpg']
ERROR: [2025-10-05 21:54:53,926] GET /dynamic/EP162025 HTTP/1.1 404 [Object of type PngImageFile is not JSON serializable]
INFO: [2025-10-05 21:56:19,931] GET /dynamic/EP162025 HTTP/1.1 200 [Successful request]
INFO: [2025-10-05 22:02:17,298] GET /dynamic/EP162025 HTTP/1.1 200 [Successful request]
ERROR: [2025-10-06 16:33:15,444] GET /dynamic/EP152025 HTTP/1.1 404 [cannot access local variable 'data_storm' where it is not associated with a value]
INFO: [2025-10-06 16:33:34,104] GET /dynamic/EP12025 HTTP/1.1 200 [No existe tormenta con el nombre EP12025]
INFO: [2025-10-06 16:34:16,254] GET /dynamic/EP162025 HTTP/1.1 200 [Successful request]
INFO: [2025-10-08 19:03:09,559] GET /data HTTP/1.1 200 [Successful request]
INFO: [2025-10-08 19:03:10,365] GET //data_date/202535 HTTP/1.1 200 [Successful request [Sin informacion de tormentas el 202535]]
ERROR: [2025-10-08 19:03:34,715] GET /data_date/2025_10_03 HTTP/1.1 404 ['id']
ERROR: [2025-10-08 19:06:47,349] GET /data_date/2025_10_03 HTTP/1.1 404 ['id']
ERROR: [2025-10-08 19:07:22,847] GET /data_date/2025_10_03 HTTP/1.1 404 ['id']
INFO: [2025-10-08 19:08:47,109] GET //data_date/2025_10_03 HTTP/1.1 200 [Successful request]
INFO: [2025-10-08 19:12:12,397] GET //data_date/2025_10_03 HTTP/1.1 200 [Successful request]
INFO: [2025-10-08 19:12:20,541] GET //data_date/2025_10_03/EP992025 HTTP/1.1 200 [Successful request [Sin informacion de tormenta EP992025 el 2025_10_03]]
INFO: [2025-10-08 19:13:40,669] GET //data_date/2025_10_03/EP992025 HTTP/1.1 200 [Successful request [Sin informacion de tormenta EP992025 el 2025_10_03]]
INFO: [2025-10-08 19:13:49,420] GET //data_date/2025_10_03/EP152025 HTTP/1.1 200 [Successful request [Sin informacion de tormenta EP152025 el 2025_10_03]]
INFO: [2025-10-08 19:14:43,904] GET //data_date/2025_10_03/EP152025 HTTP/1.1 200 [Successful request]
INFO: [2025-10-08 19:26:16,719] GET /dynamic/EP152025 HTTP/1.1 200 [Successful request]
INFO: [2025-10-08 19:27:26,182] GET /dynamic/EP162025 HTTP/1.1 200 [Successful request]
INFO: [2025-10-09 16:14:16,229] GET /data HTTP/1.1 200 [Successful request]
INFO: [2025-10-09 16:18:04,211] GET /data HTTP/1.1 200 [Successful request]
INFO: [2025-10-09 16:18:15,583] GET /images/tormentas HTTP/1.1 200 [No existe tormenta con el nombre tormentas]
INFO: [2025-10-09 16:18:55,282] GET /images/tormentas HTTP/1.1 200 [Successful request]
INFO: [2025-10-09 16:19:59,326] GET /data HTTP/1.1 200 [Successful request]
INFO: [2025-10-09 16:22:58,609] GET /data HTTP/1.1 200 [Successful request]
INFO: [2025-10-09 16:26:19,756] GET /data HTTP/1.1 200 [Successful request]
INFO: [2025-10-09 16:26:19,788] GET /images HTTP/1.1 200 [Successful request]
INFO: [2025-10-09 16:26:35,850] GET /data/AL102025 HTTP/1.1 200 [Successful request]
INFO: [2025-10-09 16:26:52,274] GET /images/AL102025 HTTP/1.1 200 [Successful request]
INFO: [2025-10-09 16:27:08,335] GET /dynamic/AL102025 HTTP/1.1 200 [Successful request]
INFO: [2025-10-09 16:27:08,400] GET /images HTTP/1.1 200 [Successful request]
INFO: [2025-10-09 16:27:23,018] GET /data/AL962025 HTTP/1.1 200 [Successful request]
ERROR: [2025-10-09 16:27:39,499] GET /images/AL962025 HTTP/1.1 404 [Error: NHC does not issue advisories for invests that have not been designated as Potential Tropical Cyclones.]
ERROR: [2025-10-09 16:27:55,018] GET /dynamic/AL962025 HTTP/1.1 404 [Error: NHC does not issue advisories for invests that have not been designated as Potential Tropical Cyclones.]
INFO: [2025-10-09 16:27:55,058] GET /images HTTP/1.1 200 [Successful request]
INFO: [2025-10-09 16:28:10,184] GET /data/EP152025 HTTP/1.1 200 [Successful request]
INFO: [2025-10-09 16:28:25,364] GET /images/EP152025 HTTP/1.1 200 [Successful request]
INFO: [2025-10-09 16:28:40,288] GET /dynamic/EP152025 HTTP/1.1 200 [Successful request]
INFO: [2025-10-09 16:28:40,380] GET /images HTTP/1.1 200 [Successful request]
INFO: [2025-10-09 16:28:56,015] GET /data/EP162025 HTTP/1.1 200 [Successful request]
INFO: [2025-10-09 16:29:12,121] GET /images/EP162025 HTTP/1.1 200 [Successful request]
INFO: [2025-10-09 16:29:27,366] GET /dynamic/EP162025 HTTP/1.1 200 [Successful request]
INFO: [2025-10-09 16:29:27,492] GET /images HTTP/1.1 200 [Successful request]
INFO: [2025-10-09 16:29:49,762] GET /data/EP172025 HTTP/1.1 200 [Successful request]
INFO: [2025-10-09 16:30:05,917] GET /images/EP172025 HTTP/1.1 200 [Successful request]
INFO: [2025-10-09 16:30:21,890] GET /dynamic/EP172025 HTTP/1.1 200 [Successful request]
INFO: [2025-10-09 16:31:48,136] GET /data HTTP/1.1 200 [Successful request]
INFO: [2025-10-09 16:31:48,340] GET /images/tormentas HTTP/1.1 200 [No existe tormenta con el nombre tormentas]
INFO: [2025-10-09 16:31:48,477] GET /data/AL102025 HTTP/1.1 200 [Successful request]
INFO: [2025-10-09 16:31:48,662] GET /images/AL102025 HTTP/1.1 200 [Successful request]
INFO: [2025-10-09 16:31:48,856] GET /dynamic/AL102025 HTTP/1.1 200 [Successful request]
INFO: [2025-10-09 16:31:48,931] GET /images/tormentas HTTP/1.1 200 [No existe tormenta con el nombre tormentas]
INFO: [2025-10-09 16:31:48,970] GET /data/AL962025 HTTP/1.1 200 [Successful request]
ERROR: [2025-10-09 16:32:03,842] GET /images/AL962025 HTTP/1.1 404 [Error: NHC does not issue advisories for invests that have not been designated as Potential Tropical Cyclones.]
ERROR: [2025-10-09 16:32:19,209] GET /dynamic/AL962025 HTTP/1.1 404 [Error: NHC does not issue advisories for invests that have not been designated as Potential Tropical Cyclones.]
INFO: [2025-10-09 16:32:19,288] GET /images/tormentas HTTP/1.1 200 [No existe tormenta con el nombre tormentas]
INFO: [2025-10-09 16:32:19,322] GET /data/EP152025 HTTP/1.1 200 [Successful request]
INFO: [2025-10-09 16:32:19,355] GET /images/EP152025 HTTP/1.1 200 [Successful request]
INFO: [2025-10-09 16:32:19,384] GET /dynamic/EP152025 HTTP/1.1 200 [Successful request]
INFO: [2025-10-09 16:32:19,579] GET /images/tormentas HTTP/1.1 200 [No existe tormenta con el nombre tormentas]
INFO: [2025-10-09 16:32:19,618] GET /data/EP162025 HTTP/1.1 200 [Successful request]
INFO: [2025-10-09 16:32:19,651] GET /images/EP162025 HTTP/1.1 200 [Successful request]
INFO: [2025-10-09 16:32:19,682] GET /dynamic/EP162025 HTTP/1.1 200 [Successful request]
INFO: [2025-10-09 16:32:19,730] GET /images/tormentas HTTP/1.1 200 [No existe tormenta con el nombre tormentas]
INFO: [2025-10-09 16:32:19,768] GET /data/EP172025 HTTP/1.1 200 [Successful request]
INFO: [2025-10-09 16:32:19,798] GET /images/EP172025 HTTP/1.1 200 [Successful request]
INFO: [2025-10-09 16:32:19,822] GET /dynamic/EP172025 HTTP/1.1 200 [Successful request]
INFO: [2025-10-09 16:34:13,446] GET /data HTTP/1.1 200 [Successful request]
INFO: [2025-10-09 16:34:23,160] GET /images HTTP/1.1 200 [Successful request]
INFO: [2025-10-09 16:34:55,927] GET /dynamic/EP162025 HTTP/1.1 200 [Successful request]
INFO: [2025-10-14 01:10:08,583] GET /data HTTP/1.1 200 [Successful request]
INFO: [2025-10-14 01:10:08,584] GET /data HTTP/1.1 200 [Successful request]
INFO: [2025-10-14 01:10:08,589] GET /data HTTP/1.1 200 [Successful request]
INFO: [2025-10-14 01:10:08,722] GET /data HTTP/1.1 200 [Successful request]
INFO: [2025-10-14 01:10:08,927] GET /data HTTP/1.1 200 [Successful request]
INFO: [2025-10-14 01:10:08,975] GET /data HTTP/1.1 200 [Successful request]
INFO: [2025-10-14 01:10:08,977] GET /data HTTP/1.1 200 [Successful request]
INFO: [2025-10-14 01:10:08,978] GET /data HTTP/1.1 200 [Successful request]
INFO: [2025-10-14 01:11:44,087] GET /data HTTP/1.1 200 [Successful request]
INFO: [2025-10-14 01:11:44,089] GET /data HTTP/1.1 200 [Successful request]
INFO: [2025-10-14 01:11:44,090] GET /data HTTP/1.1 200 [Successful request]
INFO: [2025-10-14 01:11:48,926] GET /data HTTP/1.1 200 [Successful request]
INFO: [2025-10-14 01:11:48,927] GET /data HTTP/1.1 200 [Successful request]
INFO: [2025-10-14 01:11:48,928] GET /data HTTP/1.1 200 [Successful request]
INFO: [2025-10-14 01:16:58,341] GET /data HTTP/1.1 200 [Successful request]
INFO: [2025-10-14 01:16:58,343] GET /data HTTP/1.1 200 [Successful request]
INFO: [2025-10-14 01:18:06,416] GET /data HTTP/1.1 200 [Successful request]
INFO: [2025-10-14 01:18:06,419] GET /data HTTP/1.1 200 [Successful request]
INFO: [2025-10-14 01:18:08,572] GET /data HTTP/1.1 200 [Successful request]
INFO: [2025-10-14 01:18:08,573] GET /data HTTP/1.1 200 [Successful request]
INFO: [2025-10-14 01:18:41,417] GET /data HTTP/1.1 200 [Successful request]
INFO: [2025-10-14 01:18:41,420] GET /data HTTP/1.1 200 [Successful request]
INFO: [2025-10-14 01:18:41,422] GET /data HTTP/1.1 200 [Successful request]
INFO: [2025-10-14 01:18:56,379] GET /data HTTP/1.1 200 [Successful request]
INFO: [2025-10-14 01:18:56,380] GET /data HTTP/1.1 200 [Successful request]
INFO: [2025-10-14 01:18:56,382] GET /data HTTP/1.1 200 [Successful request]
INFO: [2025-10-14 01:19:06,585] GET /data HTTP/1.1 200 [Successful request]
INFO: [2025-10-14 01:19:06,587] GET /data HTTP/1.1 200 [Successful request]
INFO: [2025-10-14 01:19:25,485] GET /data HTTP/1.1 200 [Successful request]
INFO: [2025-10-14 01:19:25,487] GET /data HTTP/1.1 200 [Successful request]
INFO: [2025-10-14 01:19:27,133] GET /data HTTP/1.1 200 [Successful request]
INFO: [2025-10-14 01:19:27,134] GET /data HTTP/1.1 200 [Successful request]
INFO: [2025-10-14 01:19:27,814] GET /data HTTP/1.1 200 [Successful request]
INFO: [2025-10-14 01:19:27,815] GET /data HTTP/1.1 200 [Successful request]
INFO: [2025-10-14 01:20:05,647] GET /data HTTP/1.1 200 [Successful request]
INFO: [2025-10-14 01:20:05,649] GET /data HTTP/1.1 200 [Successful request]
INFO: [2025-10-14 09:24:38,687] GET /data HTTP/1.1 200 [Successful request]
INFO: [2025-10-14 09:24:45,049] GET /data HTTP/1.1 200 [Successful request]
INFO: [2025-10-14 09:24:45,053] GET /data HTTP/1.1 200 [Successful request]
INFO: [2025-10-14 09:24:45,566] GET /data HTTP/1.1 200 [Successful request]
INFO: [2025-10-14 09:25:17,510] GET /data HTTP/1.1 200 [Successful request]
INFO: [2025-10-14 09:25:17,511] GET /data HTTP/1.1 200 [Successful request]
INFO: [2025-10-14 09:25:41,896] GET /data HTTP/1.1 200 [Successful request]
INFO: [2025-10-14 09:25:44,105] GET /data HTTP/1.1 200 [Successful request]
INFO: [2025-10-14 09:25:44,108] GET /data HTTP/1.1 200 [Successful request]
INFO: [2025-10-14 09:25:47,957] GET /data HTTP/1.1 200 [Successful request]
INFO: [2025-10-14 09:25:48,250] GET /data HTTP/1.1 200 [Successful request]
INFO: [2025-10-14 09:27:33,432] GET /data HTTP/1.1 200 [Successful request]
INFO: [2025-10-14 09:27:33,434] GET /data HTTP/1.1 200 [Successful request]
WARNING: [2025-10-14 09:27:42,392] Possible issue encountered when converting Shape #0 to GeoJSON: Shapefile format requires that polygons contain at least one exterior ring, but the Shape was entirely made up of interior holes (defined by counter-clockwise orientation in the shapefile format). The rings were still included but were encoded as GeoJSON exterior rings instead of holes.
WARNING: [2025-10-14 09:27:42,392] Possible issue encountered when converting Shape #0 to GeoJSON: Shapefile format requires that polygons contain at least one exterior ring, but the Shape was entirely made up of interior holes (defined by counter-clockwise orientation in the shapefile format). The rings were still included but were encoded as GeoJSON exterior rings instead of holes.
INFO: [2025-10-14 09:27:43,308] GET /images/tormentas HTTP/1.1 200 [Successful request]
WARNING: [2025-10-14 09:27:47,528] Possible issue encountered when converting Shape #0 to GeoJSON: Shapefile format requires that polygons contain at least one exterior ring, but the Shape was entirely made up of interior holes (defined by counter-clockwise orientation in the shapefile format). The rings were still included but were encoded as GeoJSON exterior rings instead of holes.
WARNING: [2025-10-14 09:27:47,528] Possible issue encountered when converting Shape #0 to GeoJSON: Shapefile format requires that polygons contain at least one exterior ring, but the Shape was entirely made up of interior holes (defined by counter-clockwise orientation in the shapefile format). The rings were still included but were encoded as GeoJSON exterior rings instead of holes.
INFO: [2025-10-14 09:27:48,121] GET /images/tormentas HTTP/1.1 200 [Successful request]
INFO: [2025-10-14 09:29:51,545] GET /data HTTP/1.1 200 [Successful request]
INFO: [2025-10-14 09:29:51,547] GET /data HTTP/1.1 200 [Successful request]
INFO: [2025-10-14 09:29:51,550] GET /images HTTP/1.1 200 [Successful request]
INFO: [2025-10-14 09:29:53,174] GET /data HTTP/1.1 200 [Successful request]
INFO: [2025-10-14 09:29:53,175] GET /data HTTP/1.1 200 [Successful request]
INFO: [2025-10-14 09:29:54,229] GET /data HTTP/1.1 200 [Successful request]
INFO: [2025-10-14 09:29:54,231] GET /data HTTP/1.1 200 [Successful request]
INFO: [2025-10-14 09:29:54,747] GET /data HTTP/1.1 200 [Successful request]
INFO: [2025-10-14 09:29:54,749] GET /data HTTP/1.1 200 [Successful request]
INFO: [2025-10-14 09:37:23,840] GET /data HTTP/1.1 200 [Successful request]
INFO: [2025-10-14 09:37:23,842] GET /data HTTP/1.1 200 [Successful request]
INFO: [2025-10-14 09:37:23,844] GET /images HTTP/1.1 200 [Successful request]
INFO: [2025-10-14 09:37:38,926] GET /dynamic/AL122025 HTTP/1.1 200 [Successful request]
INFO: [2025-10-14 09:38:15,165] GET /data HTTP/1.1 200 [Successful request]
INFO: [2025-10-14 09:38:15,167] GET /data HTTP/1.1 200 [Successful request]
INFO: [2025-10-14 09:38:15,173] GET /dynamic/AL122025 HTTP/1.1 200 [Successful request]
INFO: [2025-10-14 09:38:44,252] GET /data HTTP/1.1 200 [Successful request]
INFO: [2025-10-14 09:38:44,255] GET /data HTTP/1.1 200 [Successful request]
INFO: [2025-10-14 09:38:44,257] GET /images HTTP/1.1 200 [Successful request]
INFO: [2025-10-14 09:38:44,265] GET /dynamic/AL122025 HTTP/1.1 200 [Successful request]
INFO: [2025-10-14 09:38:52,515] GET /data HTTP/1.1 200 [Successful request]
INFO: [2025-10-14 09:38:52,516] GET /data HTTP/1.1 200 [Successful request]
INFO: [2025-10-14 09:38:52,524] GET /dynamic/AL122025 HTTP/1.1 200 [Successful request]
INFO: [2025-10-14 09:45:14,817] GET /dynamic/AL122025 HTTP/1.1 200 [Successful request]
INFO: [2025-10-14 09:45:14,817] GET /images HTTP/1.1 200 [Successful request]
INFO: [2025-10-14 09:45:15,121] GET /data HTTP/1.1 200 [Successful request]
INFO: [2025-10-14 09:45:15,123] GET /data HTTP/1.1 200 [Successful request]
ERROR: [2025-10-17 10:05:51,066] GET /dynamic/EP152025 HTTP/1.1 404 [cannot access local variable 'data_storm' where it is not associated with a value]
ERROR: [2025-10-20 17:22:16,796] GET /dynamic/AL122025 HTTP/1.1 404 [cannot access local variable 'data_storm' where it is not associated with a value]
WARNING: [2025-10-20 17:22:17,461] Possible issue encountered when converting Shape #1 to GeoJSON: Shapefile format requires that polygons contain at least one exterior ring, but the Shape was entirely made up of interior holes (defined by counter-clockwise orientation in the shapefile format). The rings were still included but were encoded as GeoJSON exterior rings instead of holes.
WARNING: [2025-10-20 17:22:17,462] Possible issue encountered when converting Shape #1 to GeoJSON: Shapefile format requires that polygons contain at least one exterior ring, but the Shape was entirely made up of interior holes (defined by counter-clockwise orientation in the shapefile format). The rings were still included but were encoded as GeoJSON exterior rings instead of holes.
INFO: [2025-10-20 17:22:19,748] GET /images/tormentas HTTP/1.1 200 [Successful request]
INFO: [2025-10-23 16:08:27,004] GET //image_date/2025_10_05/EP162025 HTTP/1.1 200 [Sin informacion de tormenta EP162025 el 2025_10_05]
INFO: [2025-10-23 16:08:40,518] GET //data_date/2025_10_05 HTTP/1.1 200 [Successful request]
INFO: [2025-10-23 16:08:47,894] GET //image_date/2025_10_05/EP152025 HTTP/1.1 200 [Sin informacion de tormenta EP152025 el 2025_10_05]
INFO: [2025-10-23 16:11:05,966] GET //image_date/2025_10_05/EP152025 HTTP/1.1 200 [Sin informacion de tormenta EP152025 el 2025_10_05]
INFO: [2025-10-23 16:12:00,050] GET //image_date/2025_10_05/EP152025 HTTP/1.1 200 [Sin informacion de tormenta EP152025 el 2025_10_05]
INFO: [2025-10-23 16:13:17,080] GET //image_date/2025_10_05/EP152025 HTTP/1.1 200 [GIF generado exitosamente]
INFO: [2025-10-23 16:14:11,914] GET //image_date/2025_10_05/EP1562025 HTTP/1.1 404 [Sin imágenes para EP1562025 el 2025_10_05]
INFO: [2025-10-23 16:14:16,382] GET //image_date/2025_10_05/EP162025 HTTP/1.1 200 [GIF generado exitosamente]
INFO: [2025-10-23 16:16:30,388] GET //image_date/2025_10_05/EP162025 HTTP/1.1 200 [GIF generado exitosamente]
INFO: [2025-10-23 16:17:10,634] GET //image_date/2025_10_05/EP162025 HTTP/1.1 200 [GIF generado exitosamente]
INFO: [2025-11-01 14:49:06,483] GET /dynamic/AL092025 HTTP/1.1 200 [No existe tormenta con el nombre AL092025]
ERROR: [2025-11-01 14:57:47,024] GET /dynamic/AL092025 HTTP/1.1 404 [cannot access local variable 'data_storm' where it is not associated with a value]
ERROR: [2025-11-01 15:05:04,329] GET /dynamic/ HTTP/1.1 404 [name 'storm_name' is not defined]
INFO: [2025-11-01 15:05:45,413] GET /dynamic/ HTTP/1.1 200 [No active storms]
INFO: [2025-11-01 15:09:53,084] GET /dynamic/ HTTP/1.1 200 [No active storms]
